[2019-12-24 22:47:10.392] [exthost] [info] extension host started
[2019-12-24 22:47:11.857] [exthost] [info] extension host started
[2019-12-24 22:47:11.899] [exthost] [info] ExtensionService#_doActivateExtension HookyQR.beautify {"startup":true,"activationEvent":"*"}
[2019-12-24 22:47:11.899] [exthost] [info] ExtensionService#loadCommonJSModule C:\Softwares\eclipse\plugins\pack.core.win_3.6.0.201910290238\HookyQR.beautify-1.4.11\extension
[2019-12-24 22:47:12.114] [exthost] [info] ExtensionService#_doActivateExtension christian-kohler.path-intellisense {"startup":true,"activationEvent":"*"}
[2019-12-24 22:47:12.114] [exthost] [info] ExtensionService#loadCommonJSModule C:\Softwares\eclipse\plugins\pack.core.win_3.6.0.201910290238\christian-kohler.path-intellisense-1.4.2\out\src\extension
[2019-12-24 22:47:12.167] [exthost] [info] ExtensionService#_doActivateExtension dbaeumer.vscode-eslint {"startup":true,"activationEvent":"*"}
[2019-12-24 22:47:12.167] [exthost] [info] ExtensionService#loadCommonJSModule C:\Softwares\eclipse\plugins\pack.core.win_3.6.0.201910290238\dbaeumer.vscode-eslint-1.9.0\client\out\extension
[2019-12-24 22:47:12.254] [exthost] [info] ExtensionService#_doActivateExtension vscode.debug-auto-launch {"startup":true,"activationEvent":"*"}
[2019-12-24 22:47:12.254] [exthost] [info] ExtensionService#loadCommonJSModule c:\Softwares\eclipse\plugins\com.genuitec.eclipse.code.engine.app.win32.x86_64_3.6.0.201910290238\engine\resources\app\extensions\debug-auto-launch\dist\extension
[2019-12-24 22:47:12.265] [exthost] [info] ExtensionService#_doActivateExtension vscode.emmet {"startup":true,"activationEvent":"*"}
[2019-12-24 22:47:12.265] [exthost] [info] ExtensionService#loadCommonJSModule c:\Softwares\eclipse\plugins\com.genuitec.eclipse.code.engine.app.win32.x86_64_3.6.0.201910290238\engine\resources\app\extensions\emmet\dist\extension
[2019-12-24 22:47:12.318] [exthost] [info] ExtensionService#_doActivateExtension formulahendry.auto-close-tag {"startup":true,"activationEvent":"*"}
[2019-12-24 22:47:12.318] [exthost] [info] ExtensionService#loadCommonJSModule C:\Softwares\eclipse\plugins\pack.core.win_3.6.0.201910290238\formulahendry.auto-close-tag-0.5.6\out\src\extension
[2019-12-24 22:47:12.325] [exthost] [info] ExtensionService#_doActivateExtension vscode.configuration-editing {"startup":false,"activationEvent":"onLanguage:jsonc"}
[2019-12-24 22:47:12.325] [exthost] [info] ExtensionService#loadCommonJSModule c:\Softwares\eclipse\plugins\com.genuitec.eclipse.code.engine.app.win32.x86_64_3.6.0.201910290238\engine\resources\app\extensions\configuration-editing\dist\extension
[2019-12-24 22:47:12.349] [exthost] [info] ExtensionService#_doActivateExtension vscode.json-language-features {"startup":false,"activationEvent":"onLanguage:jsonc"}
[2019-12-24 22:47:12.349] [exthost] [info] ExtensionService#loadCommonJSModule c:\Softwares\eclipse\plugins\com.genuitec.eclipse.code.engine.app.win32.x86_64_3.6.0.201910290238\engine\resources\app\extensions\json-language-features\client\dist\jsonMain
[2019-12-24 22:47:12.511] [exthost] [info] ExtensionService#_doActivateExtension vscode.typescript-language-features {"startup":false,"activationEvent":"onLanguage:jsonc"}
[2019-12-24 22:47:12.511] [exthost] [info] ExtensionService#loadCommonJSModule c:\Softwares\eclipse\plugins\com.genuitec.eclipse.code.engine.app.win32.x86_64_3.6.0.201910290238\engine\resources\app\extensions\typescript-language-features\dist\extension
[2019-12-24 22:47:12.668] [exthost] [info] ExtensionService#_doActivateExtension vscode.grunt {"startup":false,"activationEvent":"onCommand:workbench.action.tasks.runTask"}
[2019-12-24 22:47:12.668] [exthost] [info] ExtensionService#loadCommonJSModule c:\Softwares\eclipse\plugins\com.genuitec.eclipse.code.engine.app.win32.x86_64_3.6.0.201910290238\engine\resources\app\extensions\grunt\dist\main
[2019-12-24 22:47:12.678] [exthost] [info] ExtensionService#_doActivateExtension vscode.gulp {"startup":false,"activationEvent":"onCommand:workbench.action.tasks.runTask"}
[2019-12-24 22:47:12.678] [exthost] [info] ExtensionService#loadCommonJSModule c:\Softwares\eclipse\plugins\com.genuitec.eclipse.code.engine.app.win32.x86_64_3.6.0.201910290238\engine\resources\app\extensions\gulp\dist\main
[2019-12-24 22:47:12.689] [exthost] [info] ExtensionService#_doActivateExtension vscode.jake {"startup":false,"activationEvent":"onCommand:workbench.action.tasks.runTask"}
[2019-12-24 22:47:12.689] [exthost] [info] ExtensionService#loadCommonJSModule c:\Softwares\eclipse\plugins\com.genuitec.eclipse.code.engine.app.win32.x86_64_3.6.0.201910290238\engine\resources\app\extensions\jake\dist\main
[2019-12-24 22:47:12.700] [exthost] [info] ExtensionService#_doActivateExtension vscode.npm {"startup":false,"activationEvent":"onCommand:workbench.action.tasks.runTask"}
[2019-12-24 22:47:12.700] [exthost] [info] ExtensionService#loadCommonJSModule c:\Softwares\eclipse\plugins\com.genuitec.eclipse.code.engine.app.win32.x86_64_3.6.0.201910290238\engine\resources\app\extensions\npm\dist\main
[2019-12-24 22:47:12.744] [exthost] [info] eager extensions activated
